  Source.cpp
C:\Users\thewi\OneDrive\Lakeland\CPS 362 DS\W11\searchProgram\searchProgram\searchProgram\searchSortAlgo.hpp(105,20): error C3861: 'minLocation': identifier not found
C:\Users\thewi\OneDrive\Lakeland\CPS 362 DS\W11\searchProgram\searchProgram\searchProgram\searchSortAlgo.hpp(105,20): message : 'minLocation': function was not declared in the template definition context and can be found only via argument-dependent lookup in the instantiation context
C:\Users\thewi\OneDrive\Lakeland\CPS 362 DS\W11\searchProgram\searchProgram\searchProgram\Source.cpp(52): message : see reference to function template instantiation 'void selectionSort<int>(elemType [],int)' being compiled
          with
          [
              elemType=int
          ]
C:\Users\thewi\OneDrive\Lakeland\CPS 362 DS\W11\searchProgram\searchProgram\searchProgram\searchSortAlgo.hpp(106,9): error C2672: 'swap': no matching overloaded function found
C:\Users\thewi\OneDrive\Lakeland\CPS 362 DS\W11\searchProgram\searchProgram\searchProgram\searchSortAlgo.hpp(106,1): error C2780: 'void std::swap(std::unique_ptr<_Ty,_Dx> &,std::unique_ptr<_Ty,_Dx> &) noexcept': expects 2 arguments - 3 provided
C:\Program Files (x86)\Microsoft Visual Studio\2019\Community\VC\Tools\MSVC\14.29.30133\include\memory(3447): message : see declaration of 'std::swap'
C:\Users\thewi\OneDrive\Lakeland\CPS 362 DS\W11\searchProgram\searchProgram\searchProgram\searchSortAlgo.hpp(106,1): error C2780: 'void std::swap(std::weak_ptr<_Ty> &,std::weak_ptr<_Ty> &) noexcept': expects 2 arguments - 3 provided
C:\Program Files (x86)\Microsoft Visual Studio\2019\Community\VC\Tools\MSVC\14.29.30133\include\memory(3061): message : see declaration of 'std::swap'
C:\Users\thewi\OneDrive\Lakeland\CPS 362 DS\W11\searchProgram\searchProgram\searchProgram\searchSortAlgo.hpp(106,1): error C2780: 'void std::swap(std::shared_ptr<_Ty> &,std::shared_ptr<_Ty> &) noexcept': expects 2 arguments - 3 provided
C:\Program Files (x86)\Microsoft Visual Studio\2019\Community\VC\Tools\MSVC\14.29.30133\include\memory(1918): message : see declaration of 'std::swap'
C:\Users\thewi\OneDrive\Lakeland\CPS 362 DS\W11\searchProgram\searchProgram\searchProgram\searchSortAlgo.hpp(106,1): error C2780: 'void std::swap(std::basic_string<_Elem,_Traits,_Alloc> &,std::basic_string<_Elem,_Traits,_Alloc> &) noexcept': expects 2 arguments - 3 provided
C:\Program Files (x86)\Microsoft Visual Studio\2019\Community\VC\Tools\MSVC\14.29.30133\include\xstring(4679): message : see declaration of 'std::swap'
C:\Users\thewi\OneDrive\Lakeland\CPS 362 DS\W11\searchProgram\searchProgram\searchProgram\searchSortAlgo.hpp(106,1): error C2780: 'void std::swap(std::pair<_Ty1,_Ty2> &,std::pair<_Ty1,_Ty2> &) noexcept(<expr>)': expects 2 arguments - 3 provided
C:\Program Files (x86)\Microsoft Visual Studio\2019\Community\VC\Tools\MSVC\14.29.30133\include\utility(341): message : see declaration of 'std::swap'
C:\Users\thewi\OneDrive\Lakeland\CPS 362 DS\W11\searchProgram\searchProgram\searchProgram\searchSortAlgo.hpp(106,1): error C2780: 'void std::swap(_Ty (&)[_Size],_Ty (&)[_Size]) noexcept(<expr>)': expects 2 arguments - 3 provided
C:\Program Files (x86)\Microsoft Visual Studio\2019\Community\VC\Tools\MSVC\14.29.30133\include\type_traits(2022): message : see declaration of 'std::swap'
C:\Users\thewi\OneDrive\Lakeland\CPS 362 DS\W11\searchProgram\searchProgram\searchProgram\searchSortAlgo.hpp(106,1): error C2780: 'void std::swap(_Ty &,_Ty &) noexcept(<expr>)': expects 2 arguments - 3 provided
C:\Program Files (x86)\Microsoft Visual Studio\2019\Community\VC\Tools\MSVC\14.29.30133\include\type_traits(2019): message : see declaration of 'std::swap'
